0 info it worked if it ends with ok
1 verbose cli [ 'C:\\Program Files (x86)\\nodejs\\node.exe',
1 verbose cli   'C:\\Program Files (x86)\\nodejs\\node_modules\\npm\\bin\\npm-cli.js',
1 verbose cli   'install',
1 verbose cli   'mongoose@4.9.4',
1 verbose cli   'C:\\Users\\mitutee\\Documents\\Programming\\bubbleman\\bubbleman\\_bubbles\\_bubble0bubbleman\\_src' ]
2 info using npm@3.10.10
3 info using node@v6.9.5
4 silly loadCurrentTree Starting
5 silly install loadCurrentTree
6 silly install readLocalPackageData
7 silly fetchPackageMetaData mongoose@4.9.4
8 silly fetchPackageMetaData C:\Users\mitutee\Documents\Programming\bubbleman\bubbleman\_bubbles\_bubble0bubbleman\_src
9 silly fetchNamedPackageData mongoose
10 silly mapToRegistry name mongoose
11 silly mapToRegistry using default registry
12 silly mapToRegistry registry https://registry.npmjs.org/
13 silly mapToRegistry data Result {
13 silly mapToRegistry   raw: 'mongoose',
13 silly mapToRegistry   scope: null,
13 silly mapToRegistry   escapedName: 'mongoose',
13 silly mapToRegistry   name: 'mongoose',
13 silly mapToRegistry   rawSpec: '',
13 silly mapToRegistry   spec: 'latest',
13 silly mapToRegistry   type: 'tag' }
14 silly mapToRegistry uri https://registry.npmjs.org/mongoose
15 silly fetchDirectoryPackageData C:\Users\mitutee\Documents\Programming\bubbleman\bubbleman\_bubbles\_bubble0bubbleman\_src
16 verbose request uri https://registry.npmjs.org/mongoose
17 verbose request no auth needed
18 info attempt registry request try #1 at 12:54:25 PM
19 verbose request id ed3dd9abb05c9320
20 verbose etag W/"58ecc43c-8fa58"
21 verbose lastModified Tue, 11 Apr 2017 11:55:40 GMT
22 http request GET https://registry.npmjs.org/mongoose
23 http 304 https://registry.npmjs.org/mongoose
24 verbose headers { date: 'Fri, 14 Apr 2017 10:57:22 GMT',
24 verbose headers   via: '1.1 varnish',
24 verbose headers   'cache-control': 'max-age=300',
24 verbose headers   etag: 'W/"58ecc43c-8fa58"',
24 verbose headers   age: '17',
24 verbose headers   connection: 'keep-alive',
24 verbose headers   'x-served-by': 'cache-hhn1547-HHN',
24 verbose headers   'x-cache': 'HIT',
24 verbose headers   'x-cache-hits': '1',
24 verbose headers   'x-timer': 'S1492167442.438309,VS0,VE1',
24 verbose headers   vary: 'Accept-Encoding' }
25 silly get cb [ 304,
25 silly get   { date: 'Fri, 14 Apr 2017 10:57:22 GMT',
25 silly get     via: '1.1 varnish',
25 silly get     'cache-control': 'max-age=300',
25 silly get     etag: 'W/"58ecc43c-8fa58"',
25 silly get     age: '17',
25 silly get     connection: 'keep-alive',
25 silly get     'x-served-by': 'cache-hhn1547-HHN',
25 silly get     'x-cache': 'HIT',
25 silly get     'x-cache-hits': '1',
25 silly get     'x-timer': 'S1492167442.438309,VS0,VE1',
25 silly get     vary: 'Accept-Encoding' } ]
26 verbose etag https://registry.npmjs.org/mongoose from cache
27 verbose get saving mongoose to C:\Users\mitutee\AppData\Roaming\npm-cache\registry.npmjs.org\mongoose\.cache.json
28 verbose correctMkdir C:\Users\mitutee\AppData\Roaming\npm-cache correctMkdir not in flight; initializing
29 silly install normalizeTree
30 silly loadCurrentTree Finishing
31 silly loadIdealTree Starting
32 silly install loadIdealTree
33 silly cloneCurrentTree Starting
34 silly install cloneCurrentTreeToIdealTree
35 silly cloneCurrentTree Finishing
36 silly loadShrinkwrap Starting
37 silly install loadShrinkwrap
38 silly loadShrinkwrap Finishing
39 silly loadAllDepsIntoIdealTree Starting
40 silly install loadAllDepsIntoIdealTree
41 silly rollbackFailedOptional Starting
42 silly rollbackFailedOptional Finishing
43 silly runTopLevelLifecycles Finishing
44 silly install printInstalled
45 verbose stack Error: Refusing to install bubbleman as a dependency of itself
45 verbose stack     at checkSelf (C:\Program Files (x86)\nodejs\node_modules\npm\lib\install\validate-args.js:53:14)
45 verbose stack     at Array.<anonymous> (C:\Program Files (x86)\nodejs\node_modules\npm\node_modules\slide\lib\bind-actor.js:15:8)
45 verbose stack     at LOOP (C:\Program Files (x86)\nodejs\node_modules\npm\node_modules\slide\lib\chain.js:15:14)
45 verbose stack     at chain (C:\Program Files (x86)\nodejs\node_modules\npm\node_modules\slide\lib\chain.js:20:5)
45 verbose stack     at C:\Program Files (x86)\nodejs\node_modules\npm\lib\install\validate-args.js:16:5
45 verbose stack     at C:\Program Files (x86)\nodejs\node_modules\npm\node_modules\slide\lib\async-map.js:52:35
45 verbose stack     at Array.forEach (native)
45 verbose stack     at C:\Program Files (x86)\nodejs\node_modules\npm\node_modules\slide\lib\async-map.js:52:11
45 verbose stack     at Array.forEach (native)
45 verbose stack     at asyncMap (C:\Program Files (x86)\nodejs\node_modules\npm\node_modules\slide\lib\async-map.js:51:8)
46 verbose cwd C:\Users\mitutee\Documents\Programming\bubbleman\dashboard
47 error Windows_NT 10.0.14393
48 error argv "C:\\Program Files (x86)\\nodejs\\node.exe" "C:\\Program Files (x86)\\nodejs\\node_modules\\npm\\bin\\npm-cli.js" "install" "mongoose@4.9.4" "C:\\Users\\mitutee\\Documents\\Programming\\bubbleman\\bubbleman\\_bubbles\\_bubble0bubbleman\\_src"
49 error node v6.9.5
50 error npm  v3.10.10
51 error code ENOSELF
52 error Refusing to install bubbleman as a dependency of itself
53 error If you need help, you may report this error at:
53 error     <https://github.com/npm/npm/issues>
54 verbose exit [ 1, true ]
